********************************************************************************
DUPLICATOR-LITE PACKAGE-LOG: 24 de September de 2019 18:59
NOTICE: Do NOT post to public sites or forums 
********************************************************************************
VERSION:	1.3.22
WORDPRESS:	5.2.2
PHP INFO:	7.2.10 | SAPI: apache2handler
SERVER:		Apache/2.4.35 (Win64) PHP/7.2.10 
PHP TIME LIMIT: (0) no time limit imposed 
PHP MAX MEMORY: 4294967296 (200M default) 
MEMORY STACK: 6MB

********************************************************************************
DATABASE:
********************************************************************************
BUILD MODE:   MYSQLDUMP
MYSQLTIMEOUT: 5000
MYSQLDUMP:    Is Supported
SQL CREATED: 20190924_autoriawordpress_fe1a982ecfe51faa2826_20190924185223_database.sql
SQL FILE SIZE: 585.34KB (599384)
SQL FILE TIME: 2019-09-24 18:59:08
SQL RUNTIME: 2.50 sec.

********************************************************************************
ARCHIVE (ZIP):
********************************************************************************
ARCHIVE DIR:  C:/wamp64/www/wordpress/autoriawp
ARCHIVE FILE: 20190924_autoriawordpress_fe1a982ecfe51faa2826_20190924185223_archive.zip
FILTERS: *OFF*
DIRS:
	not set
FILES:
	not set
EXTS:  not set
----------------------------------------
COMPRESSING
SIZE:	54.23MB
STATS:	Dirs 263 | Files 2,257
SQL ADDED: 20190924_autoriawordpress_fe1a982ecfe51faa2826_20190924185223_database.sql
ZipArchive Object
(
    [status] => 0
    [statusSys] => 0
    [numFiles] => 2520
    [filename] => C:\wamp64\www\wordpress\autoriawp\wp-snapshots\tmp\20190924_autoriawordpress_fe1a982ecfe51faa2826_20190924185223_archive.zip
    [comment] => 
)

FILE ADDED TO ZIP: 2519
COMPRESSION RESULT: '1'
COMPRESSED SIZE: 19.57MB
ARCHIVE RUNTIME: 20.63 sec.
MEMORY STACK: 8MB
building installer
add_extra_files1
add_extra_files2
add_extra_files3
add_extra_files4
Doing archive file check
add_extra_files5
add_extra_files6
add_extra_files8
Successfully opened zip C:/wamp64/www/wordpress/autoriawp/wp-snapshots/tmp/20190924_autoriawordpress_fe1a982ecfe51faa2826_20190924185223_archive.zip
Adding enhanced installer files to archive using ZipArchive
Installer files added to archive
Added to archive
After ziparchive close when adding installer

********************************************************************************
INTEGRITY CHECKS:
********************************************************************************
SQL FILE: 585.34KB
INSTALLER FILE: 60.53KB
ARCHIVE FILE: 20.88MB 
EXPECTED FILE/DIRECTORY COUNT: 2,520
ACTUAL FILE/DIRECTORY COUNT: 2,519
ARCHIVE CONSISTENCY TEST: Pass

********************************************************************************
RECORD ID:[1]
TOTAL PROCESS RUNTIME: 24.99 sec.
PEAK PHP MEMORY USED: 8MB
DONE PROCESSING => 20190924_autoriawordpress 24 de September de 2019 18:59

